[25/05/2026, 09:36:46 IST] ====================================================
[25/05/2026, 09:36:46 IST] KnowledgeBase Daily Scheduled Import — 2026-05-25
[25/05/2026, 09:36:46 IST] ====================================================
[25/05/2026, 09:36:46 IST] START: Import X Likes
[25/05/2026, 09:36:46 IST] CMD:   node scripts/import-x-likes.js --limit 50
[25/05/2026, 09:38:28 IST] DONE:  Import X Likes in 102.0s
[25/05/2026, 09:38:28 IST] START: Extract Sources
[25/05/2026, 09:38:28 IST] CMD:   node scripts/import-x-source.js
[25/05/2026, 09:38:32 IST] DONE:  Extract Sources in 4.8s
[25/05/2026, 09:38:32 IST] START: Classify Topics
[25/05/2026, 09:38:32 IST] CMD:   node scripts/classify-source.js
[25/05/2026, 09:39:31 IST] DONE:  Classify Topics in 58.1s
[25/05/2026, 09:39:31 IST] START: Compile Courses
[25/05/2026, 09:39:31 IST] CMD:   node scripts/compile-course.js
[25/05/2026, 15:21:13 IST] DONE:  Compile Courses in 20502.0s
[25/05/2026, 15:21:13 IST] START: Summarize Topics
[25/05/2026, 15:21:13 IST] CMD:   node scripts/update-topic-summary.js
[25/05/2026, 16:35:34 IST] DONE:  Summarize Topics in 4461.6s
[25/05/2026, 16:35:34 IST] START: Build Graph
[25/05/2026, 16:35:34 IST] CMD:   node scripts/build-graph.js
[25/05/2026, 16:35:35 IST] DONE:  Build Graph in 0.6s
[25/05/2026, 16:35:35 IST] ====================================================
[25/05/2026, 16:35:35 IST] Daily scheduled run complete. All steps succeeded.
[25/05/2026, 16:35:35 IST] ====================================================
